<?xml version="1.0" encoding="UTF-8"?>
<testsuite xmlns:xsi="http://www.w3.org/2001/XMLSchema-instance" xsi:noNamespaceSchemaLocation="https://maven.apache.org/surefire/maven-surefire-plugin/xsd/surefire-test-report.xsd" version="3.0.2" name="es.codeurjc13.librored.LibroRedApplicationTests" time="8.066" tests="1" errors="0" skipped="0" failures="0">
  <properties>
[...]
</properties>
  <testcase name="contextLoads" classname="es.codeurjc13.librored.LibroRedApplicationTests" time="0.443">
    <system-out><![CDATA[20:41:27.077 [main] INFO org.springframework.test.context.support.AnnotationConfigContextLoaderUtils -- Could not detect default configuration classes for test class [es.codeurjc13.librored.LibroRedApplicationTests]: LibroRedApplicationTests does not declare any static, non-private, non-final, nested classes annotated with @Configuration.
20:41:27.193 [main] INFO org.springframework.boot.test.context.SpringBootTestContextBootstrapper -- Found @SpringBootConfiguration es.codeurjc13.librored.LibroRedApplication for test class es.codeurjc13.librored.LibroRedApplicationTests
20:41:27.351 [main] INFO org.springframework.boot.devtools.restart.RestartApplicationListener -- Restart disabled due to context in which it is running

  .   ____          _            __ _ _
 /\\ / ___'_ __ _ _(_)_ __  __ _ \ \ \ \
( ( )\___ | '_ | '_| | '_ \/ _` | \ \ \ \
 \\/  ___)| |_)| | | | | || (_| |  ) ) ) )
  '  |____| .__|_| |_|_| |_\__, | / / / /
 =========|_|==============|___/=/_/_/_/

 :: Spring Boot ::                (v3.4.2)

2025-02-26T20:41:27.649+01:00  INFO 85847 --- [LibroRed] [           main] e.c.librored.LibroRedApplicationTests    : Starting LibroRedApplicationTests using Java 21.0.6 with PID 85847 (started by ana in /Users/ana/IdeaProjects/webapp13/librored/backend)
2025-02-26T20:41:27.651+01:00  INFO 85847 --- [LibroRed] [           main] e.c.librored.LibroRedApplicationTests    : No active profile set, falling back to 1 default profile: "default"
2025-02-26T20:41:27.692+01:00 DEBUG 85847 --- [LibroRed] [           main] o.s.w.c.s.GenericWebApplicationContext   : Refreshing org.springframework.web.context.support.GenericWebApplicationContext@38600b
2025-02-26T20:41:28.472+01:00  INFO 85847 --- [LibroRed] [           main] .s.d.r.c.RepositoryConfigurationDelegate : Bootstrapping Spring Data JPA repositories in DEFAULT mode.
2025-02-26T20:41:28.570+01:00  INFO 85847 --- [LibroRed] [           main] .s.d.r.c.RepositoryConfigurationDelegate : Finished Spring Data repository scanning in 83 ms. Found 4 JPA repository interfaces.
2025-02-26T20:41:29.911+01:00  INFO 85847 --- [LibroRed] [           main] o.hibernate.jpa.internal.util.LogHelper  : HHH000204: Processing PersistenceUnitInfo [name: default]
2025-02-26T20:41:30.104+01:00  INFO 85847 --- [LibroRed] [           main] org.hibernate.Version                    : HHH000412: Hibernate ORM core version 6.6.5.Final
2025-02-26T20:41:30.197+01:00  INFO 85847 --- [LibroRed] [           main] o.h.c.internal.RegionFactoryInitiator    : HHH000026: Second-level cache disabled
2025-02-26T20:41:30.692+01:00  INFO 85847 --- [LibroRed] [           main] o.s.o.j.p.SpringPersistenceUnitInfo      : No LoadTimeWeaver setup: ignoring JPA class transformer
2025-02-26T20:41:30.722+01:00  INFO 85847 --- [LibroRed] [           main] com.zaxxer.hikari.HikariDataSource       : HikariPool-1 - Starting...
2025-02-26T20:41:31.145+01:00  INFO 85847 --- [LibroRed] [           main] com.zaxxer.hikari.pool.HikariPool        : HikariPool-1 - Added connection com.mysql.cj.jdbc.ConnectionImpl@6c2883b1
2025-02-26T20:41:31.147+01:00  INFO 85847 --- [LibroRed] [           main] com.zaxxer.hikari.HikariDataSource       : HikariPool-1 - Start completed.
2025-02-26T20:41:31.202+01:00  WARN 85847 --- [LibroRed] [           main] org.hibernate.orm.deprecation            : HHH90000025: MySQL8Dialect does not need to be specified explicitly using 'hibernate.dialect' (remove the property setting and it will be selected by default)
2025-02-26T20:41:31.203+01:00  WARN 85847 --- [LibroRed] [           main] org.hibernate.orm.deprecation            : HHH90000026: MySQL8Dialect has been deprecated; use org.hibernate.dialect.MySQLDialect instead
2025-02-26T20:41:31.227+01:00  INFO 85847 --- [LibroRed] [           main] org.hibernate.orm.connections.pooling    : HHH10001005: Database info:
	Database JDBC URL [Connecting through datasource 'HikariDataSource (HikariPool-1)']
	Database driver: undefined/unknown
	Database version: 8.0
	Autocommit mode: undefined/unknown
	Isolation level: undefined/unknown
	Minimum pool size: undefined/unknown
	Maximum pool size: undefined/unknown
2025-02-26T20:41:32.966+01:00  INFO 85847 --- [LibroRed] [           main] o.h.e.t.j.p.i.JtaPlatformInitiator       : HHH000489: No JTA platform available (set 'hibernate.transaction.jta.platform' to enable JTA platform integration)
2025-02-26T20:41:33.371+01:00  INFO 85847 --- [LibroRed] [           main] j.LocalContainerEntityManagerFactoryBean : Initialized JPA EntityManagerFactory for persistence unit 'default'
2025-02-26T20:41:33.723+01:00  INFO 85847 --- [LibroRed] [           main] e.c.l.service.DatabaseInitializer        : ⚡ Running DatabaseInitializer...
2025-02-26T20:41:33.911+01:00  INFO 85847 --- [LibroRed] [           main] e.c.l.service.DatabaseInitializer        : ✅ DatabaseInitializer execution completed.
2025-02-26T20:41:34.164+01:00  WARN 85847 --- [LibroRed] [           main] JpaBaseConfiguration$JpaWebConfiguration : spring.jpa.open-in-view is enabled by default. Therefore, database queries may be performed during view rendering. Explicitly configure spring.jpa.open-in-view to disable this warning
2025-02-26T20:41:34.194+01:00  INFO 85847 --- [LibroRed] [           main] o.s.b.a.w.s.WelcomePageHandlerMapping    : Adding welcome page template: index
2025-02-26T20:41:34.247+01:00 DEBUG 85847 --- [LibroRed] [           main] s.w.s.m.m.a.RequestMappingHandlerMapping : 3 mappings in 'requestMappingHandlerMapping'
2025-02-26T20:41:34.349+01:00 DEBUG 85847 --- [LibroRed] [           main] o.s.w.s.handler.SimpleUrlHandlerMapping  : Patterns [/webjars/**, /**] in 'resourceHandlerMapping'
2025-02-26T20:41:34.375+01:00 DEBUG 85847 --- [LibroRed] [           main] s.w.s.m.m.a.RequestMappingHandlerAdapter : ControllerAdvice beans: 0 @ModelAttribute, 0 @InitBinder, 1 RequestBodyAdvice, 1 ResponseBodyAdvice
2025-02-26T20:41:34.421+01:00 DEBUG 85847 --- [LibroRed] [           main] .m.m.a.ExceptionHandlerExceptionResolver : ControllerAdvice beans: 0 @ExceptionHandler, 1 ResponseBodyAdvice
2025-02-26T20:41:34.504+01:00  INFO 85847 --- [LibroRed] [           main] e.c.librored.LibroRedApplicationTests    : Started LibroRedApplicationTests in 7.164 seconds (process running for 8.082)
]]></system-out>
    <system-err><![CDATA[Mockito is currently self-attaching to enable the inline-mock-maker. This will no longer work in future releases of the JDK. Please add Mockito as an agent to your build what is described in Mockito's documentation: https://javadoc.io/doc/org.mockito/mockito-core/latest/org/mockito/Mockito.html#0.3
WARNING: A Java agent has been loaded dynamically (/Users/ana/.m2/repository/net/bytebuddy/byte-buddy-agent/1.15.11/byte-buddy-agent-1.15.11.jar)
WARNING: If a serviceability tool is in use, please run with -XX:+EnableDynamicAgentLoading to hide this warning
WARNING: If a serviceability tool is not in use, please run with -Djdk.instrument.traceUsage for more information
WARNING: Dynamic loading of agents will be disallowed by default in a future release
]]></system-err>
  </testcase>
</testsuite>